[MASTER] 15:46:50.539 [pool-2-thread-1] ERROR ConcreteClassAnalyzer - Problem for app.server.vo.CourseVO. Class not found: org.springframework.data.querydsl.QSort
java.lang.ClassNotFoundException: Class not found: com/querydsl/core/types/Expression: java.lang.NullPointerException: Class not found com/querydsl/core/types/Expression
	at org.evosuite.instrumentation.InstrumentingClassLoader.instrumentClass(InstrumentingClassLoader.java:201)
	at org.evosuite.instrumentation.InstrumentingClassLoader.loadClass(InstrumentingClassLoader.java:168)
	at java.lang.Class.forName0(Native Method)
	at java.lang.Class.forName(Class.java:348)
	at org.evosuite.setup.ConcreteClassAnalyzer.getConcreteClassesImpl(ConcreteClassAnalyzer.java:126)
	at org.evosuite.setup.ConcreteClassAnalyzer.getConcreteClasses(ConcreteClassAnalyzer.java:61)
	at org.evosuite.setup.TestClusterGenerator.addDependency(TestClusterGenerator.java:876)
	at org.evosuite.setup.TestClusterGenerator.addDependencies(TestClusterGenerator.java:787)
	at org.evosuite.setup.TestClusterGenerator.addDependencyClass(TestClusterGenerator.java:983)
	at org.evosuite.setup.TestClusterGenerator.resolveDependencies(TestClusterGenerator.java:358)
	at org.evosuite.setup.TestClusterGenerator.generateCluster(TestClusterGenerator.java:137)
	at org.evosuite.setup.DependencyAnalysis.analyze(DependencyAnalysis.java:117)
	at org.evosuite.setup.DependencyAnalysis.analyzeClass(DependencyAnalysis.java:131)
	at org.evosuite.TestSuiteGenerator.initializeTargetClass(TestSuiteGenerator.java:110)
	at org.evosuite.TestSuiteGenerator.generateTestSuite(TestSuiteGenerator.java:130)
	at org.evosuite.rmi.service.ClientNodeImpl$1.run(ClientNodeImpl.java:145)
	at java.util.concurrent.Executors$RunnableAdapter.call(Executors.java:511)
	at java.util.concurrent.FutureTask.run(FutureTask.java:266)
	at java.util.concurrent.ThreadPoolExecutor.runWorker(ThreadPoolExecutor.java:1149)
	at java.util.concurrent.ThreadPoolExecutor$Worker.run(ThreadPoolExecutor.java:624)
	at java.lang.Thread.run(Thread.java:748)
Caused by: java.lang.RuntimeException: Class not found: com/querydsl/core/types/Expression: java.lang.NullPointerException: Class not found com/querydsl/core/types/Expression
	at org.evosuite.runtime.util.ComputeClassWriter.getCommonSuperClass(ComputeClassWriter.java:58)
	at org.evosuite.shaded.org.objectweb.asm.ClassWriter.getMergedType(ClassWriter.java:1729)
	at org.evosuite.shaded.org.objectweb.asm.Frame.merge(Frame.java:1530)
	at org.evosuite.shaded.org.objectweb.asm.Frame.merge(Frame.java:1478)
	at org.evosuite.shaded.org.objectweb.asm.MethodWriter.visitMaxs(MethodWriter.java:1497)
	at org.evosuite.shaded.org.objectweb.asm.MethodVisitor.visitMaxs(MethodVisitor.java:867)
	at org.evosuite.shaded.org.objectweb.asm.MethodVisitor.visitMaxs(MethodVisitor.java:867)
	at org.evosuite.shaded.org.objectweb.asm.MethodVisitor.visitMaxs(MethodVisitor.java:867)
	at org.evosuite.runtime.instrumentation.LoopCounterMethodAdapter.visitMaxs(LoopCounterMethodAdapter.java:48)
	at org.evosuite.shaded.org.objectweb.asm.tree.MethodNode.accept(MethodNode.java:835)
	at org.evosuite.shaded.org.objectweb.asm.commons.JSRInlinerAdapter.visitEnd(JSRInlinerAdapter.java:187)
	at org.evosuite.shaded.org.objectweb.asm.MethodVisitor.visitEnd(MethodVisitor.java:878)
	at org.evosuite.shaded.org.objectweb.asm.MethodVisitor.visitEnd(MethodVisitor.java:878)
	at org.evosuite.shaded.org.objectweb.asm.MethodVisitor.visitEnd(MethodVisitor.java:878)
	at org.evosuite.shaded.org.objectweb.asm.ClassReader.readMethod(ClassReader.java:1130)
	at org.evosuite.shaded.org.objectweb.asm.ClassReader.accept(ClassReader.java:698)
	at org.evosuite.shaded.org.objectweb.asm.ClassReader.accept(ClassReader.java:500)
	at org.evosuite.instrumentation.BytecodeInstrumentation.transformBytes(BytecodeInstrumentation.java:282)
	at org.evosuite.instrumentation.InstrumentingClassLoader.getTransformedBytes(InstrumentingClassLoader.java:175)
	at org.evosuite.instrumentation.InstrumentingClassLoader.instrumentClass(InstrumentingClassLoader.java:192)
	... 20 common frames omitted
Caused by: java.lang.NullPointerException: Class not found com/querydsl/core/types/Expression
	at org.evosuite.runtime.util.ComputeClassWriter.typeInfo(ComputeClassWriter.java:186)
	at org.evosuite.runtime.util.ComputeClassWriter.getCommonSuperClass(ComputeClassWriter.java:55)
	... 39 common frames omitted
[MASTER] 15:46:50.544 [pool-2-thread-1] ERROR ConcreteClassAnalyzer - Removing class from inheritance tree
[MASTER] 15:46:54.780 [pool-2-thread-1] ERROR TestCluster - Failed to check cache for java.util.Comparator<T> : Type points to itself
[MASTER] 15:46:57.305 [TEST_EXECUTION_THREAD_0] ERROR FunctionalMockStatement - Failed to use Mockito on interface java.util.function.Consumer: null
[MASTER] 15:46:57.306 [pool-2-thread-1] ERROR TestCaseExecutor - ExecutionException (this is likely a serious error in the framework)
java.util.concurrent.ExecutionException: org.evosuite.testcase.execution.EvosuiteError: java.lang.NullPointerException
	at java.util.concurrent.FutureTask.report(FutureTask.java:122)
	at java.util.concurrent.FutureTask.get(FutureTask.java:206)
	at org.evosuite.testcase.execution.TimeoutHandler.executeWithTimeout(TimeoutHandler.java:107)
	at org.evosuite.testcase.execution.TimeoutHandler.execute(TimeoutHandler.java:96)
	at org.evosuite.testcase.execution.TestCaseExecutor.execute(TestCaseExecutor.java:334)
	at org.evosuite.testcase.execution.TestCaseExecutor.execute(TestCaseExecutor.java:277)
	at org.evosuite.testcase.execution.TestCaseExecutor.execute(TestCaseExecutor.java:264)
	at org.evosuite.testsuite.TestSuiteFitnessFunction.runTest(TestSuiteFitnessFunction.java:63)
	at org.evosuite.testcase.TestChromosome.executeForFitnessFunction(TestChromosome.java:674)
	at org.evosuite.testsuite.TestSuiteFitnessFunction.runTestSuite(TestSuiteFitnessFunction.java:97)
	at org.evosuite.coverage.line.LineCoverageSuiteFitness.getFitness(LineCoverageSuiteFitness.java:154)
	at org.evosuite.coverage.line.LineCoverageSuiteFitness.getFitness(LineCoverageSuiteFitness.java:45)
	at org.evosuite.ga.metaheuristics.MonotonicGA.evolve(MonotonicGA.java:141)
	at org.evosuite.ga.metaheuristics.MonotonicGA.generateSolution(MonotonicGA.java:245)
	at org.evosuite.strategy.WholeTestSuiteStrategy.generateTests(WholeTestSuiteStrategy.java:113)
	at org.evosuite.TestSuiteGenerator.generateTests(TestSuiteGenerator.java:653)
	at org.evosuite.TestSuiteGenerator.generateTestSuite(TestSuiteGenerator.java:236)
	at org.evosuite.rmi.service.ClientNodeImpl$1.run(ClientNodeImpl.java:145)
	at java.util.concurrent.Executors$RunnableAdapter.call(Executors.java:511)
	at java.util.concurrent.FutureTask.run(FutureTask.java:266)
	at java.util.concurrent.ThreadPoolExecutor.runWorker(ThreadPoolExecutor.java:1149)
	at java.util.concurrent.ThreadPoolExecutor$Worker.run(ThreadPoolExecutor.java:624)
	at java.lang.Thread.run(Thread.java:748)
Caused by: org.evosuite.testcase.execution.EvosuiteError: java.lang.NullPointerException
	at org.evosuite.testcase.statements.FunctionalMockStatement$1.execute(FunctionalMockStatement.java:732)
	at org.evosuite.testcase.statements.AbstractStatement.exceptionHandler(AbstractStatement.java:169)
	at org.evosuite.testcase.statements.FunctionalMockStatement.execute(FunctionalMockStatement.java:591)
	at org.evosuite.testcase.execution.TestRunnable.executeStatements(TestRunnable.java:307)
	at org.evosuite.testcase.execution.TestRunnable.call(TestRunnable.java:213)
	at org.evosuite.testcase.execution.TestRunnable.call(TestRunnable.java:55)
	... 4 common frames omitted
Caused by: java.lang.NullPointerException: null
	at org.evosuite.testcase.fm.MethodDescriptor.shouldBeMocked(MethodDescriptor.java:152)
	at org.evosuite.testcase.statements.FunctionalMockStatement$1.execute(FunctionalMockStatement.java:615)
	... 9 common frames omitted
[MASTER] 15:46:57.307 [pool-2-thread-1] ERROR ClientNodeImpl - Error when generating tests for: app.server.vo.CourseVO with seed 1558856805587. Configuration id : default
org.evosuite.testcase.execution.EvosuiteError: java.lang.NullPointerException
	at org.evosuite.testcase.statements.FunctionalMockStatement$1.execute(FunctionalMockStatement.java:732)
	at org.evosuite.testcase.statements.AbstractStatement.exceptionHandler(AbstractStatement.java:169)
	at org.evosuite.testcase.statements.FunctionalMockStatement.execute(FunctionalMockStatement.java:591)
	at org.evosuite.testcase.execution.TestRunnable.executeStatements(TestRunnable.java:307)
	at org.evosuite.testcase.execution.TestRunnable.call(TestRunnable.java:213)
	at org.evosuite.testcase.execution.TestRunnable.call(TestRunnable.java:55)
	at java.util.concurrent.FutureTask.run(FutureTask.java:266)
	at java.util.concurrent.ThreadPoolExecutor.runWorker(ThreadPoolExecutor.java:1149)
	at java.util.concurrent.ThreadPoolExecutor$Worker.run(ThreadPoolExecutor.java:624)
	at java.lang.Thread.run(Thread.java:748)
Caused by: java.lang.NullPointerException: null
	at org.evosuite.testcase.fm.MethodDescriptor.shouldBeMocked(MethodDescriptor.java:152)
	at org.evosuite.testcase.statements.FunctionalMockStatement$1.execute(FunctionalMockStatement.java:615)
	... 9 common frames omitted
