[MASTER] 15:49:29.472 [pool-2-thread-1] ERROR ConcreteClassAnalyzer - Problem for app.server.util.PtoV. Class not found: org.springframework.data.querydsl.QSort
java.lang.ClassNotFoundException: Class not found: com/querydsl/core/types/Expression: java.lang.NullPointerException: Class not found com/querydsl/core/types/Expression
	at org.evosuite.instrumentation.InstrumentingClassLoader.instrumentClass(InstrumentingClassLoader.java:201)
	at org.evosuite.instrumentation.InstrumentingClassLoader.loadClass(InstrumentingClassLoader.java:168)
	at java.lang.Class.forName0(Native Method)
	at java.lang.Class.forName(Class.java:348)
	at org.evosuite.setup.ConcreteClassAnalyzer.getConcreteClassesImpl(ConcreteClassAnalyzer.java:126)
	at org.evosuite.setup.ConcreteClassAnalyzer.getConcreteClasses(ConcreteClassAnalyzer.java:61)
	at org.evosuite.setup.TestClusterGenerator.addDependency(TestClusterGenerator.java:876)
	at org.evosuite.setup.TestClusterGenerator.addDependencies(TestClusterGenerator.java:787)
	at org.evosuite.setup.TestClusterGenerator.addDependencyClass(TestClusterGenerator.java:983)
	at org.evosuite.setup.TestClusterGenerator.resolveDependencies(TestClusterGenerator.java:358)
	at org.evosuite.setup.TestClusterGenerator.addNewDependencies(TestClusterGenerator.java:164)
	at org.evosuite.testcase.TestFactory.createObject(TestFactory.java:1257)
	at org.evosuite.testcase.TestFactory.attemptGeneration(TestFactory.java:814)
	at org.evosuite.testcase.TestFactory.createVariable(TestFactory.java:1401)
	at org.evosuite.testcase.TestFactory.createOrReuseVariable(TestFactory.java:1346)
	at org.evosuite.testcase.TestFactory.satisfyParameters(TestFactory.java:2320)
	at org.evosuite.testcase.TestFactory.addConstructor(TestFactory.java:224)
	at org.evosuite.testcase.TestFactory.createObject(TestFactory.java:1290)
	at org.evosuite.testcase.TestFactory.attemptGeneration(TestFactory.java:814)
	at org.evosuite.testcase.TestFactory.createVariable(TestFactory.java:1401)
	at org.evosuite.testcase.TestFactory.createOrReuseVariable(TestFactory.java:1346)
	at org.evosuite.testcase.TestFactory.addMethod(TestFactory.java:513)
	at org.evosuite.testcase.TestFactory.createObject(TestFactory.java:1276)
	at org.evosuite.testcase.TestFactory.attemptGeneration(TestFactory.java:814)
	at org.evosuite.testcase.TestFactory.createVariable(TestFactory.java:1401)
	at org.evosuite.testcase.TestFactory.createOrReuseVariable(TestFactory.java:1346)
	at org.evosuite.testcase.TestFactory.satisfyParameters(TestFactory.java:2320)
	at org.evosuite.testcase.TestFactory.addConstructor(TestFactory.java:224)
	at org.evosuite.testcase.TestFactory.createObject(TestFactory.java:1290)
	at org.evosuite.testcase.TestFactory.attemptGeneration(TestFactory.java:814)
	at org.evosuite.testcase.TestFactory.createVariable(TestFactory.java:1401)
	at org.evosuite.testcase.TestFactory.createOrReuseVariable(TestFactory.java:1346)
	at org.evosuite.testcase.TestFactory.satisfyParameters(TestFactory.java:2320)
	at org.evosuite.testcase.TestFactory.addMethodFor(TestFactory.java:579)
	at org.evosuite.testcase.TestFactory.insertRandomCall(TestFactory.java:2182)
	at org.evosuite.testcase.mutation.RandomInsertion.insertStatement(RandomInsertion.java:83)
	at org.evosuite.testcase.TestFactory.insertRandomStatement(TestFactory.java:2276)
	at org.evosuite.testcase.factories.RandomLengthTestFactory.getRandomTestCase(RandomLengthTestFactory.java:69)
	at org.evosuite.testcase.factories.RandomLengthTestFactory.getChromosome(RandomLengthTestFactory.java:89)
	at org.evosuite.testcase.factories.RandomLengthTestFactory.getChromosome(RandomLengthTestFactory.java:40)
	at org.evosuite.coverage.archive.ArchiveTestChromosomeFactory.getChromosome(ArchiveTestChromosomeFactory.java:88)
	at org.evosuite.coverage.archive.ArchiveTestChromosomeFactory.getChromosome(ArchiveTestChromosomeFactory.java:35)
	at org.evosuite.testsuite.factories.TestSuiteChromosomeFactory.getChromosome(TestSuiteChromosomeFactory.java:84)
	at org.evosuite.testsuite.factories.TestSuiteChromosomeFactory.getChromosome(TestSuiteChromosomeFactory.java:35)
	at org.evosuite.ga.metaheuristics.GeneticAlgorithm.generateRandomPopulation(GeneticAlgorithm.java:425)
	at org.evosuite.ga.metaheuristics.GeneticAlgorithm.generateInitialPopulation(GeneticAlgorithm.java:368)
	at org.evosuite.ga.metaheuristics.MonotonicGA.initializePopulation(MonotonicGA.java:204)
	at org.evosuite.ga.metaheuristics.MonotonicGA.generateSolution(MonotonicGA.java:223)
	at org.evosuite.strategy.WholeTestSuiteStrategy.generateTests(WholeTestSuiteStrategy.java:113)
	at org.evosuite.TestSuiteGenerator.generateTests(TestSuiteGenerator.java:653)
	at org.evosuite.TestSuiteGenerator.generateTestSuite(TestSuiteGenerator.java:236)
	at org.evosuite.rmi.service.ClientNodeImpl$1.run(ClientNodeImpl.java:145)
	at java.util.concurrent.Executors$RunnableAdapter.call(Executors.java:511)
	at java.util.concurrent.FutureTask.run(FutureTask.java:266)
	at java.util.concurrent.ThreadPoolExecutor.runWorker(ThreadPoolExecutor.java:1149)
	at java.util.concurrent.ThreadPoolExecutor$Worker.run(ThreadPoolExecutor.java:624)
	at java.lang.Thread.run(Thread.java:748)
Caused by: java.lang.RuntimeException: Class not found: com/querydsl/core/types/Expression: java.lang.NullPointerException: Class not found com/querydsl/core/types/Expression
	at org.evosuite.runtime.util.ComputeClassWriter.getCommonSuperClass(ComputeClassWriter.java:58)
	at org.evosuite.shaded.org.objectweb.asm.ClassWriter.getMergedType(ClassWriter.java:1729)
	at org.evosuite.shaded.org.objectweb.asm.Frame.merge(Frame.java:1530)
	at org.evosuite.shaded.org.objectweb.asm.Frame.merge(Frame.java:1478)
	at org.evosuite.shaded.org.objectweb.asm.MethodWriter.visitMaxs(MethodWriter.java:1497)
	at org.evosuite.shaded.org.objectweb.asm.MethodVisitor.visitMaxs(MethodVisitor.java:867)
	at org.evosuite.shaded.org.objectweb.asm.MethodVisitor.visitMaxs(MethodVisitor.java:867)
	at org.evosuite.shaded.org.objectweb.asm.MethodVisitor.visitMaxs(MethodVisitor.java:867)
	at org.evosuite.runtime.instrumentation.LoopCounterMethodAdapter.visitMaxs(LoopCounterMethodAdapter.java:48)
	at org.evosuite.shaded.org.objectweb.asm.tree.MethodNode.accept(MethodNode.java:835)
	at org.evosuite.shaded.org.objectweb.asm.commons.JSRInlinerAdapter.visitEnd(JSRInlinerAdapter.java:187)
	at org.evosuite.shaded.org.objectweb.asm.MethodVisitor.visitEnd(MethodVisitor.java:878)
	at org.evosuite.shaded.org.objectweb.asm.MethodVisitor.visitEnd(MethodVisitor.java:878)
	at org.evosuite.shaded.org.objectweb.asm.MethodVisitor.visitEnd(MethodVisitor.java:878)
	at org.evosuite.shaded.org.objectweb.asm.ClassReader.readMethod(ClassReader.java:1130)
	at org.evosuite.shaded.org.objectweb.asm.ClassReader.accept(ClassReader.java:698)
	at org.evosuite.shaded.org.objectweb.asm.ClassReader.accept(ClassReader.java:500)
	at org.evosuite.instrumentation.BytecodeInstrumentation.transformBytes(BytecodeInstrumentation.java:282)
	at org.evosuite.instrumentation.InstrumentingClassLoader.getTransformedBytes(InstrumentingClassLoader.java:175)
	at org.evosuite.instrumentation.InstrumentingClassLoader.instrumentClass(InstrumentingClassLoader.java:192)
	... 56 common frames omitted
Caused by: java.lang.NullPointerException: Class not found com/querydsl/core/types/Expression
	at org.evosuite.runtime.util.ComputeClassWriter.typeInfo(ComputeClassWriter.java:186)
	at org.evosuite.runtime.util.ComputeClassWriter.getCommonSuperClass(ComputeClassWriter.java:55)
	... 75 common frames omitted
[MASTER] 15:49:29.473 [pool-2-thread-1] ERROR ConcreteClassAnalyzer - Removing class from inheritance tree
